<?xml version="1.0" encoding="UTF-8"?>
<testsuite name="baseline.InventoryItemTest" tests="1" skipped="0" failures="0" errors="0" timestamp="2021-11-23T04:25:24" hostname="DESKTOP-SC6FN58" time="0.042">
  <properties/>
  <testcase name="tests()" classname="baseline.InventoryItemTest" time="0.042"/>
  <system-out><![CDATA[]]></system-out>
  <system-err><![CDATA[]]></system-err>
</testsuite>
